android/sdk/build/outputs/logs/manifest-merger-debug-report.txt
-- Merging decision tree log ---
manifest
ADDED from src/main/AndroidManifest.xml:2:1-52:12
INJECTED from src/main/AndroidManifest.xml:2:1-52:12
INJECTED from src/main/AndroidManifest.xml:2:1-52:12
	package
		ADDED from src/main/AndroidManifest.xml:3:5-33
		INJECTED from src/main/AndroidManifest.xml
		INJECTED from src/main/AndroidManifest.xml
	xmlns:android
		ADDED from src/main/AndroidManifest.xml:2:11-69
uses-permission#android.permission.ACCESS_NETWORK_STATE
ADDED from src/main/AndroidManifest.xml:5:5-79
	android:name
		ADDED from src/main/AndroidManifest.xml:5:22-76
uses-permission#android.permission.BLUETOOTH
ADDED from src/main/AndroidManifest.xml:6:5-68
	android:name
		ADDED from src/main/AndroidManifest.xml:6:22-65
uses-permission#android.permission.CAMERA
ADDED from src/main/AndroidManifest.xml:7:5-65
	android:name
		ADDED from src/main/AndroidManifest.xml:7:22-62
uses-permission#android.permission.INTERNET
ADDED from src/main/AndroidManifest.xml:8:5-67
	android:name
		ADDED from src/main/AndroidManifest.xml:8:22-64
uses-permission#android.permission.MANAGE_OWN_CALLS
ADDED from src/main/AndroidManifest.xml:9:5-75
	android:name
		ADDED from src/main/AndroidManifest.xml:9:22-72
uses-permission#android.permission.MODIFY_AUDIO_SETTINGS
ADDED from src/main/AndroidManifest.xml:10:5-80
	android:name
		ADDED from src/main/AndroidManifest.xml:10:22-77
uses-permission#android.permission.RECORD_AUDIO
ADDED from src/main/AndroidManifest.xml:11:5-71
	android:name
		ADDED from src/main/AndroidManifest.xml:11:22-68
uses-permission#android.permission.SYSTEM_ALERT_WINDOW
ADDED from src/main/AndroidManifest.xml:12:5-78
	android:name
		ADDED from src/main/AndroidManifest.xml:12:22-75
uses-permission#android.permission.WAKE_LOCK
ADDED from src/main/AndroidManifest.xml:13:5-68
	android:name
		ADDED from src/main/AndroidManifest.xml:13:22-65
uses-permission#android.permission.ACCESS_WIFI_STATE
ADDED from src/main/AndroidManifest.xml:14:5-76
	android:name
		ADDED from src/main/AndroidManifest.xml:14:22-73
uses-permission#android.permission.FOREGROUND_SERVICE
ADDED from src/main/AndroidManifest.xml:15:5-76
	android:name
		ADDED from src/main/AndroidManifest.xml:15:22-74
uses-feature#0x00020000
ADDED from src/main/AndroidManifest.xml:17:5-19:35
	android:glEsVersion
		ADDED from src/main/AndroidManifest.xml:18:9-41
	android:required
		ADDED from src/main/AndroidManifest.xml:19:9-32
uses-feature#android.hardware.camera
ADDED from src/main/AndroidManifest.xml:20:5-22:36
	android:required
		ADDED from src/main/AndroidManifest.xml:22:9-33
	android:name
		ADDED from src/main/AndroidManifest.xml:21:9-47
uses-feature#android.hardware.camera.autofocus
ADDED from src/main/AndroidManifest.xml:23:5-25:36
	android:required
		ADDED from src/main/AndroidManifest.xml:25:9-33
	android:name
		ADDED from src/main/AndroidManifest.xml:24:9-57
application
ADDED from src/main/AndroidManifest.xml:27:5-50:19
	android:supportsRtl
		ADDED from src/main/AndroidManifest.xml:30:9-35
	android:label
		ADDED from src/main/AndroidManifest.xml:29:9-41
	android:allowBackup
		ADDED from src/main/AndroidManifest.xml:28:9-35
activity#org.jitsi.meet.sdk.JitsiMeetActivity
ADDED from src/main/AndroidManifest.xml:31:9-38:20
	android:launchMode
		ADDED from src/main/AndroidManifest.xml:34:13-44
	android:windowSoftInputMode
		ADDED from src/main/AndroidManifest.xml:37:13-55
	android:supportsPictureInPicture
		ADDED from src/main/AndroidManifest.xml:36:13-52
	android:resizeableActivity
		ADDED from src/main/AndroidManifest.xml:35:13-46
	android:configChanges
		ADDED from src/main/AndroidManifest.xml:33:13-115
	android:name
		ADDED from src/main/AndroidManifest.xml:32:13-46
activity#com.facebook.react.devsupport.DevSettingsActivity
ADDED from src/main/AndroidManifest.xml:39:9-86
	android:name
		ADDED from src/main/AndroidManifest.xml:39:19-83
service#org.jitsi.meet.sdk.ConnectionService
ADDED from src/main/AndroidManifest.xml:41:9-47:19
	android:permission
		ADDED from src/main/AndroidManifest.xml:43:13-84
	android:name
		ADDED from src/main/AndroidManifest.xml:42:13-46
intent-filter#action:name:android.telecom.ConnectionService
ADDED from src/main/AndroidManifest.xml:44:13-46:29
action#android.telecom.ConnectionService
ADDED from src/main/AndroidManifest.xml:45:17-76
	android:name
		ADDED from src/main/AndroidManifest.xml:45:25-73
service#org.jitsi.meet.sdk.JitsiMeetOngoingConferenceService
ADDED from src/main/AndroidManifest.xml:49:9-88
	android:name
		ADDED from src/main/AndroidManifest.xml:49:18-85
uses-sdk
INJECTED from src/main/AndroidManifest.xml reason: use-sdk injection requested
INJECTED from src/main/AndroidManifest.xml
INJECTED from src/main/AndroidManifest.xml
INJECTED from src/main/AndroidManifest.xml
INJECTED from src/main/AndroidManifest.xml
	android:targetSdkVersion
		INJECTED from src/main/AndroidManifest.xml
		ADDED from src/main/AndroidManifest.xml
		INJECTED from src/main/AndroidManifest.xml
	android:minSdkVersion
		INJECTED from src/main/AndroidManifest.xml
		ADDED from src/main/AndroidManifest.xml
		INJECTED from src/main/AndroidManifest.xml